<?xml version="1.0" encoding="UTF-8"?>
<!-- Generated by org.testng.reporters.JUnitXMLReporter -->
<testsuite hostname="maverick-PC" ignored="0" name="Test" tests="2" failures="1" timestamp="26 Oct 2018 08:51:49 GMT" time="35.226" errors="0">
  <testcase name="verifyUserTitelTest" time="0.418" classname="com.crm.qa.testcase.HomePageTest"/>
  <testcase name="loginPageTitleTest" time="0.015" classname="com.crm.qa.testcase.LoginPageTest">
    <failure type="java.lang.AssertionError" message="expected [#1 Free CRM for Any Business: Online Customer Relationship Software] but found [#1 Free CRM software in the cloud for sales and service]">
      <![CDATA[java.lang.AssertionError: expected [#1 Free CRM for Any Business: Online Customer Relationship Software] but found [#1 Free CRM software in the cloud for sales and service]
at com.crm.qa.testcase.LoginPageTest.loginPageTitleTest(LoginPageTest.java:32)
... Removed 31 stack frames]]>
    </failure>
  </testcase> <!-- loginPageTitleTest -->
</testsuite> <!-- Test -->
